<?xml version="1.0" encoding="UTF-8"?>
<!-- Generated by org.testng.reporters.JUnitReportReporter -->
<testsuite name="flipcart.loginTest" tests="1" time="30.884" ignored="1" failures="0" timestamp="12 Jul 2019 07:47:17 GMT" skipped="0" hostname="Anjalipc" errors="0">
  <testcase name="TestCase1" time="30.884" classname="flipcart.loginTest"/>
  <testcase name="TestCase2" classname="flipcart.loginTest">
    <skipped/>
  </testcase> <!-- TestCase2 -->
</testsuite> <!-- flipcart.loginTest -->
