<?xml version="1.0" encoding="UTF-8"?>
<!-- Generated by org.testng.reporters.JUnitReportReporter -->
<testsuite name="flipcart.loginTest" tests="1" time="22.158" ignored="1" failures="0" timestamp="15 Jul 2019 09:42:21 GMT" skipped="0" hostname="Anjalipc" errors="0">
  <testcase name="TestCase1" time="22.158" classname="flipcart.loginTest"/>
  <testcase name="TestCase2" classname="flipcart.loginTest">
    <skipped/>
  </testcase> <!-- TestCase2 -->
</testsuite> <!-- flipcart.loginTest -->
